<?xml version="1.0" encoding="UTF-8"?>
<!-- Generated by org.testng.reporters.JUnitReportReporter -->
<testsuite skipped="0" hostname="HIPUNL68056" name="MavenTestJava.SeleniumTest" tests="2" failures="0" timestamp="2020-05-28T20:58:04 IST" time="0.014" errors="0">
  <testcase name="ElementsUI" time="0.014" classname="MavenTestJava.SeleniumTest"/>
  <system-out/>
  <testcase name="browserAutomation" time="0.000" classname="MavenTestJava.SeleniumTest"/>
  <system-out/>
</testsuite> <!-- MavenTestJava.SeleniumTest -->
