<?xml version="1.0" encoding="UTF-8"?>
<!-- Generated by org.testng.reporters.JUnitReportReporter -->
<testsuite skipped="0" hostname="HIPUNL68056" name="MavenTestJava.AppiumTest" tests="2" failures="0" timestamp="2020-05-28T20:57:31 IST" time="0.001" errors="0">
  <testcase name="AndriodApp" time="0.001" classname="MavenTestJava.AppiumTest"/>
  <system-out/>
  <testcase name="IOSApp" time="0.000" classname="MavenTestJava.AppiumTest"/>
  <system-out/>
</testsuite> <!-- MavenTestJava.AppiumTest -->
