<?xml version="1.0" encoding="UTF-8"?>
<!-- Generated by org.testng.reporters.JUnitReportReporter -->
<testsuite skipped="0" hostname="HIPUNL68056" name="MavenTestJava.RestAPITest" tests="2" failures="0" timestamp="2020-05-28T20:58:04 IST" time="0.002" errors="0">
  <testcase name="PostJira" time="0.001" classname="MavenTestJava.RestAPITest"/>
  <system-out/>
  <testcase name="deleteJira" time="0.001" classname="MavenTestJava.RestAPITest"/>
  <system-out/>
</testsuite> <!-- MavenTestJava.RestAPITest -->
